conflate -i tmp/short_anagrafica-2018-09-13-gas_nonull.json -v --changes changes1/changes_mise_gasonly.json -o osm1/result-mise_gasonly.osm -c preview1/preview_gasonly.json profile-mise.py
10:30:48 Loading profile <_io.TextIOWrapper name='profile-mise.py' mode='r' encoding='UTF-8'>
10:30:48 Dataset points duplicate each other: 38490 and 42532
10:30:49 Dataset points duplicate each other: 4822 and 4827
10:30:49 Dataset points duplicate each other: 18489 and 18491
10:30:50 Dataset points duplicate each other: 38098 and 38096
10:30:50 Found 4 duplicates in the dataset
10:30:50 Read 1281 items from the dataset
10:30:50 Splitting bbox [36.80889, 7.22985, 46.88043, 18.2536] at lats 42.72994-42.77307; area decrease 41%
10:30:50 Splitting bbox [36.80889, 11.79602, 42.72994, 18.2536] at longs 16.1355-16.21233; area decrease 7%
10:30:50 Splitting bbox [36.80889, 11.79602, 42.72994, 16.1355] at lats 38.70027-40.28824; area decrease 7%
10:30:50 Splitting bbox [42.77307, 7.22985, 46.88043, 13.89798] at longs 10.28613-10.29157; area decrease 5%
10:30:51 Splitting bbox [40.28824, 11.79602, 42.72994, 16.12796] at longs 14.06823-14.09887; area decrease 2%
10:30:51 Splitting bbox [36.80889, 12.44659, 38.70027, 16.1355] at longs 15.27706-15.51373; area decrease 2%
10:30:51 Splitting bbox [42.77307, 10.29157, 46.88043, 13.89798] at lats 43.65418-43.66334; area decrease 2%
10:30:51 Overpass query: [out:xml][timeout:180];(node["amenity"="fuel"]["r"~"^(e|f|:|m|i|s|e)$"](36.80589,12.44359,38.19818,15.28006);way["amenity"="fuel"]["r"~"^(e|f|:|m|i|s|e)$"](36.80589,12.44359,38.19818,15.28006);relation["type"="multipolygon"]["amenity"="fuel"]["r"~"^(e|f|:|m|i|s|e)$"](36.80589,12.44359,38.19818,15.28006);node["amenity"="fuel"]["r"~"^(e|f|:|m|i|s|e)$"](43.91825,7.22685,46.16559,10.28913);way["amenity"="fuel"]["r"~"^(e|f|:|m|i|s|e)$"](43.91825,7.22685,46.16559,10.28913);relation["type"="multipolygon"]["amenity"="fuel"]["r"~"^(e|f|:|m|i|s|e)$"](43.91825,7.22685,46.16559,10.28913);node["amenity"="fuel"]["r"~"^(e|f|:|m|i|s|e)$"](38.87916,16.20933,41.24762,18.2566);way["amenity"="fuel"]["r"~"^(e|f|:|m|i|s|e)$"](38.87916,16.20933,41.24762,18.2566);relation["type"="multipolygon"]["amenity"="fuel"]["r"~"^(e|f|:|m|i|s|e)$"](38.87916,16.20933,41.24762,18.2566);node["amenity"="fuel"]["r"~"^(e|f|:|m|i|s|e)$"](41.26744,11.79302,42.73294,14.07123);way["amenity"="fuel"]["r"~"^(e|f|:|m|i|s|e)$"](41.26744,11.79302,42.73294,14.07123);relation["type"="multipolygon"]["amenity"="fuel"]["r"~"^(e|f|:|m|i|s|e)$"](41.26744,11.79302,42.73294,14.07123);node["amenity"="fuel"]["r"~"^(e|f|:|m|i|s|e)$"](42.77007,10.3132,43.65718,13.90098);way["amenity"="fuel"]["r"~"^(e|f|:|m|i|s|e)$"](42.77007,10.3132,43.65718,13.90098);relation["type"="multipolygon"]["amenity"="fuel"]["r"~"^(e|f|:|m|i|s|e)$"](42.77007,10.3132,43.65718,13.90098);node["amenity"="fuel"]["r"~"^(e|f|:|m|i|s|e)$"](40.28524,14.09587,42.52164,16.13096);way["amenity"="fuel"]["r"~"^(e|f|:|m|i|s|e)$"](40.28524,14.09587,42.52164,16.13096);relation["type"="multipolygon"]["amenity"="fuel"]["r"~"^(e|f|:|m|i|s|e)$"](40.28524,14.09587,42.52164,16.13096);node["amenity"="fuel"]["r"~"^(e|f|:|m|i|s|e)$"](38.09759,15.51073,38.70327,16.1385);way["amenity"="fuel"]["r"~"^(e|f|:|m|i|s|e)$"](38.09759,15.51073,38.70327,16.1385);relation["type"="multipolygon"]["amenity"="fuel"]["r"~"^(e|f|:|m|i|s|e)$"](38.09759,15.51073,38.70327,16.1385);node["amenity"="fuel"]["r"~"^(e|f|:|m|i|s|e)$"](43.66034,10.28857,46.88343,13.2695);way["amenity"="fuel"]["r"~"^(e|f|:|m|i|s|e)$"](43.66034,10.28857,46.88343,13.2695);relation["type"="multipolygon"]["amenity"="fuel"]["r"~"^(e|f|:|m|i|s|e)$"](43.66034,10.28857,46.88343,13.2695);node["ref:misegas"];way["ref:misegas"];relation["ref:misegas"];); out meta qt center;
10:30:59 Downloaded 0 objects from OSM
10:30:59 Updated 0 OSM objects with ref:misegas tag
10:30:59 Removed 4 unmatched duplicates
10:30:59 Adding 1277 unmatched dataset points

