conflate -i tmp/short_anagrafica-2018-09-13-gas_nonull.json -v --changes changes1/changes_mise_gasonly.json --osm query_s-BZM.osm -o osm1/result-mise_gasonly.osm -c preview1/preview_gasonly.json profile-mise.py
08:56:12 Loading profile <_io.TextIOWrapper name='profile-mise.py' mode='r' encoding='UTF-8'>
08:56:13 Dataset points duplicate each other: 38490 and 42532
08:56:13 Dataset points duplicate each other: 4822 and 4827
08:56:14 Dataset points duplicate each other: 18489 and 18491
08:56:14 Dataset points duplicate each other: 38098 and 38096
08:56:15 Found 4 duplicates in the dataset
08:56:15 Read 1281 items from the dataset
08:56:22 Downloaded 20436 objects from OSM
08:56:36 Matched 1081 points
08:56:36 Removed 4 unmatched duplicates
08:56:36 Adding 196 unmatched dataset points
08:56:37 Deleted 0 and retagged 0 unmatched objects from OSM

profile:

add_source = False
source = 'Mise'

no_dataset_id = True
#dataset_id = 'mise'

# parameter --osm will use indipendently generated queries, ie:
# http://overpass-turbo.eu/s/BZM (amenity=fuel and fuel:cng or fuel:lpg not "yes" 

bbox = True

master_tags = ('operator', 'fuel:lpg', 'fuel:cng')

delete_unmatched = False
#tag_unmatched = { 'fixme':'This object might have been dismantled, please check' }

max_distance = 80
